# Logfile created on 2018-03-10 23:46:09 +0800 by logger.rb/56438
D, [2018-03-10T23:46:09.025298 #23777] DEBUG -- : DRAGONFLY: shell command: 'convert' '-gravity' 'none' '-antialias' '-pointsize' '125' '-font' 'OpenSans' '-fill' '#FFFFFF' '-background' '#d81b60' 'label:B' '/var/folders/nx/0d0tjzmd7nl2rq6z_wjpmfsc0000gn/T/dragonfly20180310-23777-1oadgq6.png'
D, [2018-03-10T23:46:09.253955 #23777] DEBUG -- : DRAGONFLY: shell command: 'convert' '/var/folders/nx/0d0tjzmd7nl2rq6z_wjpmfsc0000gn/T/dragonfly20180310-23777-1oadgq6.png' '-gravity' 'center' '-extent' '250x250' '/var/folders/nx/0d0tjzmd7nl2rq6z_wjpmfsc0000gn/T/dragonfly20180310-23777-1payomz'
I, [2018-03-10T23:46:09.291080 #23777]  INFO -- : DRAGONFLY: GET /avatar/250/d81b60/bart 200
D, [2018-03-10T23:46:15.478080 #23777] DEBUG -- : DRAGONFLY: shell command: 'convert' '-gravity' 'none' '-antialias' '-pointsize' '125' '-font' 'OpenSans' '-fill' '#FFFFFF' '-background' '#d81b60' 'label:L' '/var/folders/nx/0d0tjzmd7nl2rq6z_wjpmfsc0000gn/T/dragonfly20180310-23777-10q4euz.png'
D, [2018-03-10T23:46:15.510915 #23777] DEBUG -- : DRAGONFLY: shell command: 'convert' '/var/folders/nx/0d0tjzmd7nl2rq6z_wjpmfsc0000gn/T/dragonfly20180310-23777-10q4euz.png' '-gravity' 'center' '-extent' '250x250' '/var/folders/nx/0d0tjzmd7nl2rq6z_wjpmfsc0000gn/T/dragonfly20180310-23777-1oporko'
I, [2018-03-10T23:46:15.538544 #23777]  INFO -- : DRAGONFLY: GET /avatar/250/d81b60/liangchaob 200
D, [2018-03-10T23:47:19.148733 #23777] DEBUG -- : DRAGONFLY: shell command: 'convert' '-gravity' 'none' '-antialias' '-pointsize' '125' '-font' 'OpenSans' '-fill' '#FFFFFF' '-background' '#bule' 'label:L' '/var/folders/nx/0d0tjzmd7nl2rq6z_wjpmfsc0000gn/T/dragonfly20180310-23777-932g5x.png'
D, [2018-03-10T23:47:19.221042 #23777] DEBUG -- : DRAGONFLY: shell command: 'convert' '/var/folders/nx/0d0tjzmd7nl2rq6z_wjpmfsc0000gn/T/dragonfly20180310-23777-932g5x.png' '-gravity' 'center' '-extent' '250x250' '/var/folders/nx/0d0tjzmd7nl2rq6z_wjpmfsc0000gn/T/dragonfly20180310-23777-16u1nkz'
I, [2018-03-10T23:47:19.243030 #23777]  INFO -- : DRAGONFLY: GET /avatar/250/bule/liangchaob 200
D, [2018-03-10T23:47:25.853574 #23777] DEBUG -- : DRAGONFLY: shell command: 'convert' '-gravity' 'none' '-antialias' '-pointsize' '125' '-font' 'OpenSans' '-fill' '#FFFFFF' '-background' '#00ff00' 'label:L' '/var/folders/nx/0d0tjzmd7nl2rq6z_wjpmfsc0000gn/T/dragonfly20180310-23777-1brllps.png'
D, [2018-03-10T23:47:25.876491 #23777] DEBUG -- : DRAGONFLY: shell command: 'convert' '/var/folders/nx/0d0tjzmd7nl2rq6z_wjpmfsc0000gn/T/dragonfly20180310-23777-1brllps.png' '-gravity' 'center' '-extent' '250x250' '/var/folders/nx/0d0tjzmd7nl2rq6z_wjpmfsc0000gn/T/dragonfly20180310-23777-1xw1cs7'
I, [2018-03-10T23:47:25.894489 #23777]  INFO -- : DRAGONFLY: GET /avatar/250/00ff00/liangchaob 200
D, [2018-03-11T00:04:46.801311 #24147] DEBUG -- : DRAGONFLY: shell command: 'convert' '-gravity' 'none' '-antialias' '-pointsize' '75' '-font' 'OpenSans' '-fill' '#FFFFFF' '-background' '#1b5e20' 'label:梁' '/var/folders/nx/0d0tjzmd7nl2rq6z_wjpmfsc0000gn/T/dragonfly20180311-24147-rz4pzf.png'
D, [2018-03-11T00:04:46.913792 #24147] DEBUG -- : DRAGONFLY: shell command: 'convert' '/var/folders/nx/0d0tjzmd7nl2rq6z_wjpmfsc0000gn/T/dragonfly20180311-24147-rz4pzf.png' '-gravity' 'center' '-extent' '150x150' '/var/folders/nx/0d0tjzmd7nl2rq6z_wjpmfsc0000gn/T/dragonfly20180311-24147-kxcoaw'
I, [2018-03-11T00:04:46.945482 #24147]  INFO -- : DRAGONFLY: GET /avatar/150/1b5e20/%E6%A2%81 200
D, [2018-03-11T00:05:36.660629 #24147] DEBUG -- : DRAGONFLY: shell command: 'convert' '-gravity' 'none' '-antialias' '-pointsize' '75' '-font' 'OpenSans' '-fill' '#FFFFFF' '-background' '#1b5e20' 'label:A' '/var/folders/nx/0d0tjzmd7nl2rq6z_wjpmfsc0000gn/T/dragonfly20180311-24147-11vjsmb.png'
D, [2018-03-11T00:05:36.775498 #24147] DEBUG -- : DRAGONFLY: shell command: 'convert' '/var/folders/nx/0d0tjzmd7nl2rq6z_wjpmfsc0000gn/T/dragonfly20180311-24147-11vjsmb.png' '-gravity' 'center' '-extent' '150x150' '/var/folders/nx/0d0tjzmd7nl2rq6z_wjpmfsc0000gn/T/dragonfly20180311-24147-1oq6bze'
I, [2018-03-11T00:05:36.810599 #24147]  INFO -- : DRAGONFLY: GET /avatar/150/1b5e20/avatar_text 200
D, [2018-03-11T00:07:15.966157 #24147] DEBUG -- : DRAGONFLY: shell command: 'convert' '-gravity' 'none' '-antialias' '-pointsize' '75' '-font' 'OpenSans' '-fill' '#FFFFFF' '-background' '#1b5e20' 'label:梁' '/var/folders/nx/0d0tjzmd7nl2rq6z_wjpmfsc0000gn/T/dragonfly20180311-24147-1bn90rl.png'
D, [2018-03-11T00:07:16.056270 #24147] DEBUG -- : DRAGONFLY: shell command: 'convert' '/var/folders/nx/0d0tjzmd7nl2rq6z_wjpmfsc0000gn/T/dragonfly20180311-24147-1bn90rl.png' '-gravity' 'center' '-extent' '150x150' '/var/folders/nx/0d0tjzmd7nl2rq6z_wjpmfsc0000gn/T/dragonfly20180311-24147-1llyrt6'
I, [2018-03-11T00:07:16.075637 #24147]  INFO -- : DRAGONFLY: GET /avatar/150/1b5e20/%E6%A2%81 200
D, [2018-03-11T00:09:01.616048 #24147] DEBUG -- : DRAGONFLY: shell command: 'convert' '-gravity' 'none' '-antialias' '-pointsize' '75' '-font' 'OpenSans' '-fill' '#FFFFFF' '-background' '#1b5e20' 'label:梁' '/var/folders/nx/0d0tjzmd7nl2rq6z_wjpmfsc0000gn/T/dragonfly20180311-24147-kqu3i7.png'
D, [2018-03-11T00:09:01.687890 #24147] DEBUG -- : DRAGONFLY: shell command: 'convert' '/var/folders/nx/0d0tjzmd7nl2rq6z_wjpmfsc0000gn/T/dragonfly20180311-24147-kqu3i7.png' '-gravity' 'center' '-extent' '150x150' '/var/folders/nx/0d0tjzmd7nl2rq6z_wjpmfsc0000gn/T/dragonfly20180311-24147-1bhx3fo'
I, [2018-03-11T00:09:01.718125 #24147]  INFO -- : DRAGONFLY: GET /avatar/150/1b5e20/%E6%A2%81 200
D, [2018-03-11T00:10:53.397249 #24147] DEBUG -- : DRAGONFLY: shell command: 'convert' '-gravity' 'none' '-antialias' '-pointsize' '75' '-font' 'OpenSans' '-fill' '#FFFFFF' '-background' '#1b5e20' 'label:梁' '/var/folders/nx/0d0tjzmd7nl2rq6z_wjpmfsc0000gn/T/dragonfly20180311-24147-yvd02z.png'
D, [2018-03-11T00:10:53.498989 #24147] DEBUG -- : DRAGONFLY: shell command: 'convert' '/var/folders/nx/0d0tjzmd7nl2rq6z_wjpmfsc0000gn/T/dragonfly20180311-24147-yvd02z.png' '-gravity' 'center' '-extent' '150x150' '/var/folders/nx/0d0tjzmd7nl2rq6z_wjpmfsc0000gn/T/dragonfly20180311-24147-1wriqka'
I, [2018-03-11T00:10:53.532011 #24147]  INFO -- : DRAGONFLY: GET /avatar/150/1b5e20/%E6%A2%81 200
D, [2018-03-11T00:12:33.143759 #24147] DEBUG -- : DRAGONFLY: shell command: 'convert' '-gravity' 'none' '-antialias' '-pointsize' '75' '-font' 'OpenSans' '-fill' '#FFFFFF' '-background' '#1b5e20' 'label:L' '/var/folders/nx/0d0tjzmd7nl2rq6z_wjpmfsc0000gn/T/dragonfly20180311-24147-1c7mjn7.png'
D, [2018-03-11T00:12:33.182683 #24147] DEBUG -- : DRAGONFLY: shell command: 'convert' '/var/folders/nx/0d0tjzmd7nl2rq6z_wjpmfsc0000gn/T/dragonfly20180311-24147-1c7mjn7.png' '-gravity' 'center' '-extent' '150x150' '/var/folders/nx/0d0tjzmd7nl2rq6z_wjpmfsc0000gn/T/dragonfly20180311-24147-srweml'
I, [2018-03-11T00:12:33.208633 #24147]  INFO -- : DRAGONFLY: GET /avatar/150/1b5e20/l 200
D, [2018-03-11T00:14:30.680244 #24147] DEBUG -- : DRAGONFLY: shell command: 'convert' '-gravity' 'none' '-antialias' '-pointsize' '75' '-font' 'OpenSans' '-fill' '#FFFFFF' '-background' '#1b5e20' 'label:L' '/var/folders/nx/0d0tjzmd7nl2rq6z_wjpmfsc0000gn/T/dragonfly20180311-24147-11p6wjf.png'
D, [2018-03-11T00:14:30.767811 #24147] DEBUG -- : DRAGONFLY: shell command: 'convert' '/var/folders/nx/0d0tjzmd7nl2rq6z_wjpmfsc0000gn/T/dragonfly20180311-24147-11p6wjf.png' '-gravity' 'center' '-extent' '150x150' '/var/folders/nx/0d0tjzmd7nl2rq6z_wjpmfsc0000gn/T/dragonfly20180311-24147-zg5ao7'
I, [2018-03-11T00:14:30.794341 #24147]  INFO -- : DRAGONFLY: GET /avatar/150/1b5e20/l 200
D, [2018-03-11T00:14:50.226371 #24147] DEBUG -- : DRAGONFLY: shell command: 'convert' '-gravity' 'none' '-antialias' '-pointsize' '75' '-font' 'OpenSans' '-fill' '#FFFFFF' '-background' '#1b5e20' 'label:L' '/var/folders/nx/0d0tjzmd7nl2rq6z_wjpmfsc0000gn/T/dragonfly20180311-24147-14mx0rh.png'
D, [2018-03-11T00:14:50.263146 #24147] DEBUG -- : DRAGONFLY: shell command: 'convert' '/var/folders/nx/0d0tjzmd7nl2rq6z_wjpmfsc0000gn/T/dragonfly20180311-24147-14mx0rh.png' '-gravity' 'center' '-extent' '150x150' '/var/folders/nx/0d0tjzmd7nl2rq6z_wjpmfsc0000gn/T/dragonfly20180311-24147-c2id5'
I, [2018-03-11T00:14:50.289077 #24147]  INFO -- : DRAGONFLY: GET /avatar/150/1b5e20/l 200
D, [2018-03-11T00:15:00.346456 #24147] DEBUG -- : DRAGONFLY: shell command: 'convert' '-gravity' 'none' '-antialias' '-pointsize' '75' '-font' 'OpenSans' '-fill' '#FFFFFF' '-background' '#1b5e20' 'label:L' '/var/folders/nx/0d0tjzmd7nl2rq6z_wjpmfsc0000gn/T/dragonfly20180311-24147-1mk8pat.png'
D, [2018-03-11T00:15:00.438242 #24147] DEBUG -- : DRAGONFLY: shell command: 'convert' '/var/folders/nx/0d0tjzmd7nl2rq6z_wjpmfsc0000gn/T/dragonfly20180311-24147-1mk8pat.png' '-gravity' 'center' '-extent' '150x150' '/var/folders/nx/0d0tjzmd7nl2rq6z_wjpmfsc0000gn/T/dragonfly20180311-24147-1mr7bwp'
I, [2018-03-11T00:15:00.458412 #24147]  INFO -- : DRAGONFLY: GET /avatar/150/1b5e20/l 200
D, [2018-03-11T00:32:53.324092 #24807] DEBUG -- : DRAGONFLY: shell command: 'convert' '-gravity' 'none' '-antialias' '-pointsize' '75' '-font' 'OpenSans' '-fill' '#FFFFFF' '-background' '#1b5e20' 'label:L' '/var/folders/nx/0d0tjzmd7nl2rq6z_wjpmfsc0000gn/T/dragonfly20180311-24807-2fpubr.png'
D, [2018-03-11T00:32:53.483684 #24807] DEBUG -- : DRAGONFLY: shell command: 'convert' '/var/folders/nx/0d0tjzmd7nl2rq6z_wjpmfsc0000gn/T/dragonfly20180311-24807-2fpubr.png' '-gravity' 'center' '-extent' '150x150' '/var/folders/nx/0d0tjzmd7nl2rq6z_wjpmfsc0000gn/T/dragonfly20180311-24807-eohprg'
I, [2018-03-11T00:32:53.523095 #24807]  INFO -- : DRAGONFLY: GET /avatar/150/1b5e20/lc 200
D, [2018-03-11T00:33:28.551916 #24807] DEBUG -- : DRAGONFLY: shell command: 'convert' '-gravity' 'none' '-antialias' '-pointsize' '75' '-font' 'OpenSans' '-fill' '#FFFFFF' '-background' '#1b5e20' 'label:L' '/var/folders/nx/0d0tjzmd7nl2rq6z_wjpmfsc0000gn/T/dragonfly20180311-24807-1ffvhyt.png'
D, [2018-03-11T00:33:28.638307 #24807] DEBUG -- : DRAGONFLY: shell command: 'convert' '/var/folders/nx/0d0tjzmd7nl2rq6z_wjpmfsc0000gn/T/dragonfly20180311-24807-1ffvhyt.png' '-gravity' 'center' '-extent' '150x150' '/var/folders/nx/0d0tjzmd7nl2rq6z_wjpmfsc0000gn/T/dragonfly20180311-24807-n1hgu0'
I, [2018-03-11T00:33:28.659817 #24807]  INFO -- : DRAGONFLY: GET /avatar/150/1b5e20/lc 200
D, [2018-03-11T00:36:08.455932 #24807] DEBUG -- : DRAGONFLY: shell command: 'convert' '-gravity' 'none' '-antialias' '-pointsize' '75' '-font' 'OpenSans' '-fill' '#FFFFFF' '-background' '#1b5e20' 'label:L' '/var/folders/nx/0d0tjzmd7nl2rq6z_wjpmfsc0000gn/T/dragonfly20180311-24807-nqkhel.png'
D, [2018-03-11T00:36:08.538739 #24807] DEBUG -- : DRAGONFLY: shell command: 'convert' '/var/folders/nx/0d0tjzmd7nl2rq6z_wjpmfsc0000gn/T/dragonfly20180311-24807-nqkhel.png' '-gravity' 'center' '-extent' '150x150' '/var/folders/nx/0d0tjzmd7nl2rq6z_wjpmfsc0000gn/T/dragonfly20180311-24807-jg2wmk'
I, [2018-03-11T00:36:08.560580 #24807]  INFO -- : DRAGONFLY: GET /avatar/150/1b5e20/l 200
D, [2018-03-11T00:37:03.642811 #24908] DEBUG -- : DRAGONFLY: shell command: 'convert' '-gravity' 'none' '-antialias' '-pointsize' '75' '-font' 'OpenSans' '-fill' '#FFFFFF' '-background' '#1b5e20' 'label:L' '/var/folders/nx/0d0tjzmd7nl2rq6z_wjpmfsc0000gn/T/dragonfly20180311-24908-15bnu6u.png'
D, [2018-03-11T00:37:03.743034 #24908] DEBUG -- : DRAGONFLY: shell command: 'convert' '/var/folders/nx/0d0tjzmd7nl2rq6z_wjpmfsc0000gn/T/dragonfly20180311-24908-15bnu6u.png' '-gravity' 'center' '-extent' '150x150' '/var/folders/nx/0d0tjzmd7nl2rq6z_wjpmfsc0000gn/T/dragonfly20180311-24908-1pjtd37'
I, [2018-03-11T00:37:03.782018 #24908]  INFO -- : DRAGONFLY: GET /avatar/150/1b5e20/l 200
D, [2018-03-11T00:47:09.424224 #25353] DEBUG -- : DRAGONFLY: shell command: 'convert' '-gravity' 'none' '-antialias' '-pointsize' '75' '-font' 'Arial-Regular' '-fill' '#FFFFFF' '-background' '#1b5e20' 'label:L' '/var/folders/nx/0d0tjzmd7nl2rq6z_wjpmfsc0000gn/T/dragonfly20180311-25353-1akdx8f.png'
D, [2018-03-11T00:47:09.515815 #25353] DEBUG -- : DRAGONFLY: shell command: 'convert' '/var/folders/nx/0d0tjzmd7nl2rq6z_wjpmfsc0000gn/T/dragonfly20180311-25353-1akdx8f.png' '-gravity' 'center' '-extent' '150x150' '/var/folders/nx/0d0tjzmd7nl2rq6z_wjpmfsc0000gn/T/dragonfly20180311-25353-4iszlw'
I, [2018-03-11T00:47:09.551041 #25353]  INFO -- : DRAGONFLY: GET /avatar/150/1b5e20/l 200
D, [2018-03-11T00:52:05.584149 #25353] DEBUG -- : DRAGONFLY: shell command: 'convert' '-gravity' 'none' '-antialias' '-pointsize' '125' '-font' 'Arial-Regular' '-fill' '#FFFFFF' '-background' '#d81b60' 'label:C' '/var/folders/nx/0d0tjzmd7nl2rq6z_wjpmfsc0000gn/T/dragonfly20180311-25353-gszoli.png'
D, [2018-03-11T00:52:05.714246 #25353] DEBUG -- : DRAGONFLY: shell command: 'convert' '/var/folders/nx/0d0tjzmd7nl2rq6z_wjpmfsc0000gn/T/dragonfly20180311-25353-gszoli.png' '-gravity' 'center' '-extent' '250x250' '/var/folders/nx/0d0tjzmd7nl2rq6z_wjpmfsc0000gn/T/dragonfly20180311-25353-731vsh'
I, [2018-03-11T00:52:05.744012 #25353]  INFO -- : DRAGONFLY: GET /avatar/250/d81b60/c 200
D, [2018-03-11T01:19:52.022470 #26008] DEBUG -- : DRAGONFLY: shell command: 'convert' '-gravity' 'none' '-antialias' '-pointsize' '75' '-font' 'Arial-Regular' '-fill' '#FFFFFF' '-background' '#1b5e20' 'label:L' '/var/folders/nx/0d0tjzmd7nl2rq6z_wjpmfsc0000gn/T/dragonfly20180311-26008-vohewg.png'
D, [2018-03-11T01:19:52.121734 #26008] DEBUG -- : DRAGONFLY: shell command: 'convert' '/var/folders/nx/0d0tjzmd7nl2rq6z_wjpmfsc0000gn/T/dragonfly20180311-26008-vohewg.png' '-gravity' 'center' '-extent' '150x150' '/var/folders/nx/0d0tjzmd7nl2rq6z_wjpmfsc0000gn/T/dragonfly20180311-26008-17ocnml'
I, [2018-03-11T01:19:52.153686 #26008]  INFO -- : DRAGONFLY: GET /avatar/150/1b5e20/l 200
D, [2018-03-11T01:27:14.906291 #26008] DEBUG -- : DRAGONFLY: shell command: 'convert' '-gravity' 'none' '-antialias' '-pointsize' '75' '-font' 'Arial-Regular' '-fill' '#FFFFFF' '-background' '#1b5e20' 'label:L' '/var/folders/nx/0d0tjzmd7nl2rq6z_wjpmfsc0000gn/T/dragonfly20180311-26008-xfgv2o.png'
D, [2018-03-11T01:27:15.035790 #26008] DEBUG -- : DRAGONFLY: shell command: 'convert' '/var/folders/nx/0d0tjzmd7nl2rq6z_wjpmfsc0000gn/T/dragonfly20180311-26008-xfgv2o.png' '-gravity' 'center' '-extent' '150x150' '/var/folders/nx/0d0tjzmd7nl2rq6z_wjpmfsc0000gn/T/dragonfly20180311-26008-rrixxe'
I, [2018-03-11T01:27:15.064715 #26008]  INFO -- : DRAGONFLY: GET /avatar/150/1b5e20/l 200
D, [2018-03-11T01:28:16.314896 #26008] DEBUG -- : DRAGONFLY: shell command: 'convert' '-gravity' 'none' '-antialias' '-pointsize' '125' '-font' 'Arial-Regular' '-fill' '#FFFFFF' '-background' '#1b5e20' 'label:L' '/var/folders/nx/0d0tjzmd7nl2rq6z_wjpmfsc0000gn/T/dragonfly20180311-26008-1u0tp0n.png'
D, [2018-03-11T01:28:16.400930 #26008] DEBUG -- : DRAGONFLY: shell command: 'convert' '/var/folders/nx/0d0tjzmd7nl2rq6z_wjpmfsc0000gn/T/dragonfly20180311-26008-1u0tp0n.png' '-gravity' 'center' '-extent' '250x250' '/var/folders/nx/0d0tjzmd7nl2rq6z_wjpmfsc0000gn/T/dragonfly20180311-26008-l6phoi'
I, [2018-03-11T01:28:16.435240 #26008]  INFO -- : DRAGONFLY: GET /avatar/250/1b5e20/l 200
D, [2018-03-11T01:28:24.665873 #26008] DEBUG -- : DRAGONFLY: shell command: 'convert' '-gravity' 'none' '-antialias' '-pointsize' '275' '-font' 'Arial-Regular' '-fill' '#FFFFFF' '-background' '#1b5e20' 'label:L' '/var/folders/nx/0d0tjzmd7nl2rq6z_wjpmfsc0000gn/T/dragonfly20180311-26008-16466bf.png'
D, [2018-03-11T01:28:24.711322 #26008] DEBUG -- : DRAGONFLY: shell command: 'convert' '/var/folders/nx/0d0tjzmd7nl2rq6z_wjpmfsc0000gn/T/dragonfly20180311-26008-16466bf.png' '-gravity' 'center' '-extent' '550x550' '/var/folders/nx/0d0tjzmd7nl2rq6z_wjpmfsc0000gn/T/dragonfly20180311-26008-3ofz92'
I, [2018-03-11T01:28:24.771223 #26008]  INFO -- : DRAGONFLY: GET /avatar/550/1b5e20/l 200
D, [2018-03-11T01:28:34.230292 #26008] DEBUG -- : DRAGONFLY: shell command: 'convert' '-gravity' 'none' '-antialias' '-pointsize' '100' '-font' 'Arial-Regular' '-fill' '#FFFFFF' '-background' '#1b5e20' 'label:L' '/var/folders/nx/0d0tjzmd7nl2rq6z_wjpmfsc0000gn/T/dragonfly20180311-26008-qr4fx4.png'
D, [2018-03-11T01:28:34.267346 #26008] DEBUG -- : DRAGONFLY: shell command: 'convert' '/var/folders/nx/0d0tjzmd7nl2rq6z_wjpmfsc0000gn/T/dragonfly20180311-26008-qr4fx4.png' '-gravity' 'center' '-extent' '200x200' '/var/folders/nx/0d0tjzmd7nl2rq6z_wjpmfsc0000gn/T/dragonfly20180311-26008-46vgx4'
I, [2018-03-11T01:28:34.288180 #26008]  INFO -- : DRAGONFLY: GET /avatar/200/1b5e20/l 200
D, [2018-03-11T01:28:41.009754 #26008] DEBUG -- : DRAGONFLY: shell command: 'convert' '-gravity' 'none' '-antialias' '-pointsize' '125' '-font' 'Arial-Regular' '-fill' '#FFFFFF' '-background' '#1b5e20' 'label:L' '/var/folders/nx/0d0tjzmd7nl2rq6z_wjpmfsc0000gn/T/dragonfly20180311-26008-1tg7flq.png'
D, [2018-03-11T01:28:41.050288 #26008] DEBUG -- : DRAGONFLY: shell command: 'convert' '/var/folders/nx/0d0tjzmd7nl2rq6z_wjpmfsc0000gn/T/dragonfly20180311-26008-1tg7flq.png' '-gravity' 'center' '-extent' '250x250' '/var/folders/nx/0d0tjzmd7nl2rq6z_wjpmfsc0000gn/T/dragonfly20180311-26008-1a8bf5'
I, [2018-03-11T01:28:41.075224 #26008]  INFO -- : DRAGONFLY: GET /avatar/250/1b5e20/l 200
D, [2018-03-11T01:57:48.937548 #26938] DEBUG -- : DRAGONFLY: shell command: 'convert' '-gravity' 'none' '-antialias' '-pointsize' '125' '-font' 'Arial-Regular' '-fill' '#FFFFFF' '-background' '#d81b60' 'label:C' '/var/folders/nx/0d0tjzmd7nl2rq6z_wjpmfsc0000gn/T/dragonfly20180311-26938-12po0vj.png'
D, [2018-03-11T01:57:49.049928 #26938] DEBUG -- : DRAGONFLY: shell command: 'convert' '/var/folders/nx/0d0tjzmd7nl2rq6z_wjpmfsc0000gn/T/dragonfly20180311-26938-12po0vj.png' '-gravity' 'center' '-extent' '250x250' '/var/folders/nx/0d0tjzmd7nl2rq6z_wjpmfsc0000gn/T/dragonfly20180311-26938-13av6ri'
I, [2018-03-11T01:57:49.075757 #26938]  INFO -- : DRAGONFLY: GET /avatar/250/d81b60/cf 200
